<?xml version="1.0" encoding="UTF-8"?>
<!-- Generated by org.testng.reporters.JUnitReportReporter -->
<testsuite hostname="ACER-PC" name="selenium.Topic_01_Setup_Enviroment" tests="3" failures="0" timestamp="23 Jan 2019 17:03:30 GMT" time="0.077" errors="0">
  <testcase name="TC_01" time="0.011" classname="selenium.Topic_01_Setup_Enviroment"/>
  <testcase name="TC_03_Homepage_logo_Displayed" time="0.059" classname="selenium.Topic_01_Setup_Enviroment"/>
  <testcase name="TC_02_CheckTitle" time="0.007" classname="selenium.Topic_01_Setup_Enviroment"/>
</testsuite> <!-- selenium.Topic_01_Setup_Enviroment -->
